14:07:34.191 [main] INFO  - Goto my account-->Click on Login.. 
14:07:34.883 [main] INFO  - Entering email and password.. 
14:07:35.559 [main] INFO  - clicked on login button...
15:21:51.876 [main] INFO  - Goto my account-->Click on Login.. 
15:21:53.135 [main] INFO  - Entering email and password.. 
15:21:54.620 [main] INFO  - clicked on login button...
15:32:55.009 [main] INFO  - Goto my account-->Click on Login.. 
15:32:55.760 [main] INFO  - Entering email and password.. 
15:32:56.517 [main] INFO  - clicked on login button...
15:44:58.490 [main] INFO  - Goto my account-->Click on Login.. 
15:44:59.375 [main] INFO  - Entering email and password.. 
15:45:00.720 [main] INFO  - clicked on login button...
11:24:02.941 [pool-3-thread-1] INFO  - Goto my account-->Click on Login.. 
11:24:03.761 [pool-3-thread-1] INFO  - Entering email and password.. 
11:24:06.101 [pool-3-thread-1] INFO  - clicked on login button...
11:25:07.956 [main] INFO  - Goto my account-->Click on Login.. 
11:25:08.604 [main] INFO  - Entering email and password.. 
11:25:09.732 [main] INFO  - clicked on login button...
11:27:34.728 [main] INFO  - Goto my account-->Click on Login.. 
11:27:35.361 [main] INFO  - Entering email and password.. 
11:27:36.283 [main] INFO  - clicked on login button...
11:28:39.062 [pool-3-thread-1] INFO  - Goto my account-->Click on Login.. 
11:28:39.709 [pool-3-thread-1] INFO  - Entering email and password.. 
11:28:41.527 [pool-3-thread-1] INFO  - clicked on login button...
11:30:58.762 [main] INFO  - Goto my account-->Click on Login.. 
11:30:59.506 [main] INFO  - Entering email and password.. 
11:31:00.817 [main] INFO  - clicked on login button...
11:32:42.541 [main] INFO  - Goto my account-->Click on Login.. 
11:32:46.118 [main] INFO  - Entering email and password.. 
11:32:47.244 [main] INFO  - clicked on login button...
11:34:08.134 [main] INFO  - Goto my account-->Click on Login.. 
11:34:08.801 [main] INFO  - Entering email and password.. 
11:34:10.471 [main] INFO  - clicked on login button...
11:45:34.561 [main] INFO  - Goto my account-->Click on Login.. 
11:45:35.241 [main] INFO  - Entering email and password.. 
11:45:36.544 [main] INFO  - clicked on login button...
11:48:32.063 [main] INFO  - Goto my account-->Click on Login.. 
11:48:32.749 [main] INFO  - Entering email and password.. 
11:48:34.206 [main] INFO  - clicked on login button...
12:19:09.362 [main] INFO  - Goto my account-->Click on Login.. 
12:19:10.371 [main] INFO  - Entering email and password.. 
12:19:11.738 [main] INFO  - clicked on login button...
12:24:14.670 [main] INFO  - Goto my account-->Click on Login.. 
12:24:15.551 [main] INFO  - Entering email and password.. 
12:24:16.857 [main] INFO  - clicked on login button...
12:25:59.705 [main] INFO  - Goto my account-->Click on Login.. 
12:26:00.443 [main] INFO  - Entering email and password.. 
12:26:01.724 [main] INFO  - clicked on login button...
12:40:21.946 [main] INFO  - Goto my account-->Click on Login.. 
12:40:22.616 [main] INFO  - Entering email and password.. 
12:40:24.212 [main] INFO  - clicked on login button...
12:48:13.135 [main] INFO  - Goto my account-->Click on Login.. 
12:48:14.187 [main] INFO  - Entering email and password.. 
12:48:15.338 [main] INFO  - clicked on login button...
07:20:02.541 [main] INFO  - Goto my account-->Click on Login.. 
07:20:03.687 [main] INFO  - Entering email and password.. 
07:20:04.885 [main] INFO  - clicked on login button...
07:26:07.255 [main] INFO  - Goto my account-->Click on Login.. 
07:26:08.073 [main] INFO  - Entering email and password.. 
07:26:08.937 [main] INFO  - clicked on login button...
07:27:45.855 [main] INFO  - Goto my account-->Click on Login.. 
07:27:46.685 [main] INFO  - Entering email and password.. 
07:27:47.506 [main] INFO  - clicked on login button...
07:42:18.774 [main] INFO  - Goto my account-->Click on Login.. 
07:42:19.621 [main] INFO  - Entering email and password.. 
07:42:20.495 [main] INFO  - clicked on login button...
07:44:30.850 [main] INFO  - Goto my account-->Click on Login.. 
07:44:31.695 [main] INFO  - Entering email and password.. 
07:44:32.578 [main] INFO  - clicked on login button...
07:46:04.249 [main] INFO  - Goto my account-->Click on Login.. 
07:46:05.043 [main] INFO  - Entering email and password.. 
07:46:05.916 [main] INFO  - clicked on login button...
07:52:55.919 [main] INFO  - Goto my account-->Click on Login.. 
07:52:56.718 [main] INFO  - Entering email and password.. 
07:52:57.593 [main] INFO  - clicked on login button...
18:33:55.434 [main] INFO  - Goto my account-->Click on Login.. 
18:33:55.967 [main] INFO  - Entering email and password.. 
18:33:57.422 [main] INFO  - clicked on login button...
18:34:01.499 [main] INFO  - Goto my account-->Click on Login.. 
18:34:02.014 [main] INFO  - Entering email and password.. 
18:34:03.091 [main] INFO  - clicked on login button...
18:34:07.194 [main] INFO  - Goto my account-->Click on Login.. 
18:34:07.696 [main] INFO  - Entering email and password.. 
18:34:09.131 [main] INFO  - clicked on login button...
18:42:11.770 [main] INFO  - Goto my account-->Click on Login.. 
18:42:12.326 [main] INFO  - Entering email and password.. 
18:42:13.761 [main] INFO  - clicked on login button...
18:42:17.807 [main] INFO  - Goto my account-->Click on Login.. 
18:42:18.349 [main] INFO  - Entering email and password.. 
18:42:19.538 [main] INFO  - clicked on login button...
18:42:23.671 [main] INFO  - Goto my account-->Click on Login.. 
18:42:24.217 [main] INFO  - Entering email and password.. 
18:42:25.675 [main] INFO  - clicked on login button...
19:01:09.034 [main] INFO  - Goto my account-->Click on Login.. 
19:01:09.563 [main] INFO  - Entering email and password.. 
19:01:10.995 [main] INFO  - clicked on login button...
19:01:15.134 [main] INFO  - Goto my account-->Click on Login.. 
19:01:15.642 [main] INFO  - Entering email and password.. 
19:01:16.747 [main] INFO  - clicked on login button...
19:01:20.802 [main] INFO  - Goto my account-->Click on Login.. 
19:01:21.319 [main] INFO  - Entering email and password.. 
19:01:22.752 [main] INFO  - clicked on login button...
19:02:50.474 [main] INFO  - Goto my account-->Click on Login.. 
19:02:51.065 [main] DEBUG - Parsing relationship: /xl/_rels/workbook.xml.rels
19:02:51.067 [main] DEBUG - Parsing relationship: /xl/worksheets/_rels/sheet1.xml.rels
19:02:51.068 [main] DEBUG - Parsing relationship: /_rels/.rels
19:02:51.151 [main] TRACE - Loading type system org.apache.poi.schemas.ooxml.system.ooxml
19:02:51.153 [main] TRACE - Loading type system org.apache.xmlbeans.metadata.system.sXMLCONFIG
19:02:51.154 [main] TRACE - Loading type system org.apache.xmlbeans.metadata.system.sXMLLANG
19:02:51.154 [main] TRACE - Loading type system org.apache.xmlbeans.metadata.system.sXMLSCHEMA
19:02:51.154 [main] TRACE - Loading type system org.apache.xmlbeans.metadata.system.sXMLTOOLS
19:02:51.155 [main] TRACE - Reading unresolved handles for type system org.apache.xmlbeans.metadata.system.sXMLTOOLS
19:02:51.161 [main] TRACE - Finished loading type system org.apache.xmlbeans.metadata.system.sXMLTOOLS
19:02:51.161 [main] TRACE - Reading unresolved handles for type system org.apache.xmlbeans.metadata.system.sXMLSCHEMA
19:02:51.164 [main] TRACE - Finished loading type system org.apache.xmlbeans.metadata.system.sXMLSCHEMA
19:02:51.164 [main] TRACE - Reading unresolved handles for type system org.apache.xmlbeans.metadata.system.sXMLLANG
19:02:51.165 [main] TRACE - Finished loading type system org.apache.xmlbeans.metadata.system.sXMLLANG
19:02:51.165 [main] TRACE - Reading unresolved handles for type system org.apache.xmlbeans.metadata.system.sXMLCONFIG
19:02:51.165 [main] TRACE - Finished loading type system org.apache.xmlbeans.metadata.system.sXMLCONFIG
19:02:51.166 [main] TRACE - Reading unresolved handles for type system org.apache.poi.schemas.ooxml.system.ooxml
19:02:51.189 [main] TRACE - Finished loading type system org.apache.poi.schemas.ooxml.system.ooxml
19:02:51.190 [main] TRACE - Resolving type for handle themefd26doctype
19:02:51.218 [main] TRACE - Resolving type for handle stylesheet5d8bdoctype
19:02:51.222 [main] TRACE - Resolving type for handle ctstylesheet4257type
19:02:51.224 [main] TRACE - Resolving type for handle ctfonts6623type
19:02:51.226 [main] TRACE - Resolving type for handle ctfont14d8type
19:02:51.228 [main] TRACE - Resolving type for handle ctfills2c6ftype
19:02:51.229 [main] TRACE - Resolving type for handle ctfill550ctype
19:02:51.230 [main] TRACE - Resolving type for handle ctborders0d66type
19:02:51.231 [main] TRACE - Resolving type for handle ctborderf935type
19:02:51.233 [main] TRACE - Resolving type for handle ctcellxfs1322type
19:02:51.234 [main] TRACE - Resolving type for handle ctxf97f7type
19:02:51.238 [main] TRACE - Resolving type for handle ctcellstylexfsa81ftype
19:02:51.239 [main] TRACE - Resolving type for handle ctdxfsb26atype
19:02:51.240 [main] TRACE - Resolving type for handle cttablestyles872ftype
19:02:51.241 [main] TRACE - Resolving type for handle sstf81fdoctype
19:02:51.244 [main] TRACE - Resolving type for handle ctsst44f3type
19:02:51.247 [main] TRACE - Resolving type for handle ctrsta472type
19:02:51.254 [main] DEBUG - using default POIXMLDocumentPart for http://schemas.openxmlformats.org/officeDocument/2006/relationships/printerSettings
19:02:51.255 [main] TRACE - Resolving type for handle workbookec17doctype
19:02:51.257 [main] TRACE - Resolving type for handle ctworkbook83c3type
19:02:51.259 [main] TRACE - Resolving type for handle ctsheets49fdtype
19:02:51.260 [main] TRACE - Resolving type for handle ctsheet4dbetype
19:02:51.261 [main] TRACE - Resolving type for handle strelationshipid1e94type
19:02:51.262 [main] TRACE - Resolving type for handle worksheetf539doctype
19:02:51.264 [main] TRACE - Resolving type for handle ctworksheet530dtype
19:02:51.266 [main] TRACE - Resolving type for handle ctsheetdata8408type
19:02:51.267 [main] TRACE - Resolving type for handle ctrowdd39type
19:02:51.269 [main] TRACE - Resolving type for handle ctcell842btype
19:02:51.272 [main] TRACE - Resolving type for handle stcellrefe4e0type
19:02:51.275 [main] TRACE - Resolving type for handle ctcols627ctype
19:02:51.277 [main] TRACE - Resolving type for handle ctcola95ftype
19:02:51.284 [main] TRACE - Resolving type for handle cthyperlinks6416type
19:02:51.285 [main] TRACE - Resolving type for handle cthyperlink0c85type
19:02:51.288 [main] TRACE - Resolving type for handle stxstringf179type
19:02:51.289 [main] TRACE - Resolving type for handle stcelltypebf95type
19:02:57.688 [main] INFO  - Goto my account-->Click on Login.. 
19:02:58.209 [main] DEBUG - Parsing relationship: /xl/_rels/workbook.xml.rels
19:02:58.210 [main] DEBUG - Parsing relationship: /xl/worksheets/_rels/sheet1.xml.rels
19:02:58.211 [main] DEBUG - Parsing relationship: /_rels/.rels
19:02:58.219 [main] DEBUG - using default POIXMLDocumentPart for http://schemas.openxmlformats.org/officeDocument/2006/relationships/printerSettings
19:03:13.040 [main] INFO  - Goto my account-->Click on Login.. 
19:03:13.567 [main] DEBUG - Parsing relationship: /xl/_rels/workbook.xml.rels
19:03:13.568 [main] DEBUG - Parsing relationship: /xl/worksheets/_rels/sheet1.xml.rels
19:03:13.568 [main] DEBUG - Parsing relationship: /_rels/.rels
19:03:13.577 [main] DEBUG - using default POIXMLDocumentPart for http://schemas.openxmlformats.org/officeDocument/2006/relationships/printerSettings
